0 info it worked if it ends with ok
1 verbose cli [ 'node', '/usr/local/bin/npm', 'publish' ]
2 info using npm@1.4.23
3 info using node@v0.10.29
4 verbose node symlink /usr/local/bin/node
5 verbose publish [ '.' ]
6 error Error: Invalid version: "0.0.1:"
6 error     at Object.module.exports.fixVersionField (/usr/local/lib/node_modules/npm/node_modules/read-package-json/node_modules/normalize-package-data/lib/fixer.js:183:13)
6 error     at /usr/local/lib/node_modules/npm/node_modules/read-package-json/node_modules/normalize-package-data/lib/normalize.js:30:38
6 error     at Array.forEach (native)
6 error     at normalize (/usr/local/lib/node_modules/npm/node_modules/read-package-json/node_modules/normalize-package-data/lib/normalize.js:29:15)
6 error     at final (/usr/local/lib/node_modules/npm/node_modules/read-package-json/read-json.js:342:33)
6 error     at then (/usr/local/lib/node_modules/npm/node_modules/read-package-json/read-json.js:126:33)
6 error     at /usr/local/lib/node_modules/npm/node_modules/read-package-json/read-json.js:331:40
6 error     at evalmachine.<anonymous>:271:14
6 error     at /usr/local/lib/node_modules/npm/node_modules/graceful-fs/graceful-fs.js:102:5
6 error     at Object.oncomplete (evalmachine.<anonymous>:107:15)
7 error If you need help, you may report this *entire* log,
7 error including the npm and node versions, at:
7 error     <http://github.com/npm/npm/issues>
8 error System Darwin 13.3.0
9 error command "node" "/usr/local/bin/npm" "publish"
10 error cwd /Users/matt/development/cconfig
11 error node -v v0.10.29
12 error npm -v 1.4.23
13 verbose exit [ 1, true ]
